<?xml version="1.0" encoding="UTF-8"?>
<!-- Generated by org.testng.reporters.JUnitReportReporter -->
<testsuite hostname="Aswins-MacBook-Air.local" failures="0" tests="41" name="com.assignment.test.PrimeNumberTest" time="0.827" errors="0" timestamp="2024-02-05T09:15:04 EST" skipped="0">
  <testcase classname="com.assignment.test.PrimeNumberTest" name="testFindPrimesInRange" time="0.011"/>
  <testcase classname="com.assignment.test.PrimeNumberTest" name="testFindPrimesInRange" time="0.015"/>
  <testcase classname="com.assignment.test.PrimeNumberTest" name="testFindPrimesInRange" time="0.013"/>
  <testcase classname="com.assignment.test.PrimeNumberTest" name="testFindPrimesInRange" time="0.015"/>
  <testcase classname="com.assignment.test.PrimeNumberTest" name="testFindPrimesInRange" time="0.009"/>
  <testcase classname="com.assignment.test.PrimeNumberTest" name="testFindPrimesInRange" time="0.013"/>
  <testcase classname="com.assignment.test.PrimeNumberTest" name="testFindPrimesInRange" time="0.017"/>
  <testcase classname="com.assignment.test.PrimeNumberTest" name="testFindPrimesInRange" time="0.016"/>
  <testcase classname="com.assignment.test.PrimeNumberTest" name="testFindPrimesInRange" time="0.018"/>
  <testcase classname="com.assignment.test.PrimeNumberTest" name="testFindPrimesInRange" time="0.254"/>
  <testcase classname="com.assignment.test.PrimeNumberTest" name="testFindPrimesInRange" time="0.011"/>
  <testcase classname="com.assignment.test.PrimeNumberTest" name="testFindPrimesInRange" time="0.012"/>
  <testcase classname="com.assignment.test.PrimeNumberTest" name="testFindPrimesInRange" time="0.010"/>
  <testcase classname="com.assignment.test.PrimeNumberTest" name="testFindPrimesInRange" time="0.018"/>
  <testcase classname="com.assignment.test.PrimeNumberTest" name="testFindPrimesInRange" time="0.015"/>
  <testcase classname="com.assignment.test.PrimeNumberTest" name="testFindPrimesInRange" time="0.021"/>
  <testcase classname="com.assignment.test.PrimeNumberTest" name="testFindPrimesInRange" time="0.015"/>
  <testcase classname="com.assignment.test.PrimeNumberTest" name="testFindPrimesInRange" time="0.010"/>
  <testcase classname="com.assignment.test.PrimeNumberTest" name="testFindPrimesInRange" time="0.010"/>
  <testcase classname="com.assignment.test.PrimeNumberTest" name="testFindPrimesInRange" time="0.013"/>
  <testcase classname="com.assignment.test.PrimeNumberTest" name="testFindPrimesInRange" time="0.020"/>
  <testcase classname="com.assignment.test.PrimeNumberTest" name="testFindPrimesInRange" time="0.009"/>
  <testcase classname="com.assignment.test.PrimeNumberTest" name="testFindPrimesInRange" time="0.016"/>
  <testcase classname="com.assignment.test.PrimeNumberTest" name="testFindPrimesInRange" time="0.009"/>
  <testcase classname="com.assignment.test.PrimeNumberTest" name="testFindPrimesInRange" time="0.018"/>
  <testcase classname="com.assignment.test.PrimeNumberTest" name="testFindPrimesInRange" time="0.010"/>
  <testcase classname="com.assignment.test.PrimeNumberTest" name="testFindPrimesInRange" time="0.016"/>
  <testcase classname="com.assignment.test.PrimeNumberTest" name="testFindPrimesInRange" time="0.013"/>
  <testcase classname="com.assignment.test.PrimeNumberTest" name="testFindPrimesInRange" time="0.019"/>
  <testcase classname="com.assignment.test.PrimeNumberTest" name="testFindPrimesInRange" time="0.018"/>
  <testcase classname="com.assignment.test.PrimeNumberTest" name="testFindPrimesInRange" time="0.014"/>
  <testcase classname="com.assignment.test.PrimeNumberTest" name="testFindPrimesInRange" time="0.011"/>
  <testcase classname="com.assignment.test.PrimeNumberTest" name="testFindPrimesInRange" time="0.011"/>
  <testcase classname="com.assignment.test.PrimeNumberTest" name="testFindPrimesInRange" time="0.010"/>
  <testcase classname="com.assignment.test.PrimeNumberTest" name="testFindPrimesInRange" time="0.020"/>
  <testcase classname="com.assignment.test.PrimeNumberTest" name="testFindPrimesInRange" time="0.011"/>
  <testcase classname="com.assignment.test.PrimeNumberTest" name="testFindPrimesInRange" time="0.010"/>
  <testcase classname="com.assignment.test.PrimeNumberTest" name="testFindPrimesInRange" time="0.026"/>
  <testcase classname="com.assignment.test.PrimeNumberTest" name="testFindPrimesInRange" time="0.009"/>
  <testcase classname="com.assignment.test.PrimeNumberTest" name="testFindPrimesInRange" time="0.014"/>
  <testcase classname="com.assignment.test.PrimeNumberTest" name="testFindPrimesInRange" time="0.027"/>
</testsuite> <!-- com.assignment.test.PrimeNumberTest -->
