<?xml version="1.0" encoding="UTF-8"?>
<!-- Generated by org.testng.reporters.JUnitReportReporter -->
<testsuite hostname="Aswins-MacBook-Air.local" failures="0" tests="19" name="com.assignment.test.PrimeNumberTest" time="0.664" errors="0" timestamp="2024-02-05T01:57:28 EST" skipped="0">
  <testcase classname="com.assignment.test.PrimeNumberTest" name="testFindPrimesInRange" time="0.020"/>
  <testcase classname="com.assignment.test.PrimeNumberTest" name="testFindPrimesInRange" time="0.016"/>
  <testcase classname="com.assignment.test.PrimeNumberTest" name="testFindPrimesInRange" time="0.019"/>
  <testcase classname="com.assignment.test.PrimeNumberTest" name="testFindPrimesInRange" time="0.017"/>
  <testcase classname="com.assignment.test.PrimeNumberTest" name="testFindPrimesInRange" time="0.018"/>
  <testcase classname="com.assignment.test.PrimeNumberTest" name="testFindPrimesInRange" time="0.018"/>
  <testcase classname="com.assignment.test.PrimeNumberTest" name="testFindPrimesInRange" time="0.018"/>
  <testcase classname="com.assignment.test.PrimeNumberTest" name="testFindPrimesInRange" time="0.022"/>
  <testcase classname="com.assignment.test.PrimeNumberTest" name="testFindPrimesInRange" time="0.021"/>
  <testcase classname="com.assignment.test.PrimeNumberTest" name="testFindPrimesInRange" time="0.020"/>
  <testcase classname="com.assignment.test.PrimeNumberTest" name="testFindPrimesInRange" time="0.017"/>
  <testcase classname="com.assignment.test.PrimeNumberTest" name="testFindPrimesInRange" time="0.018"/>
  <testcase classname="com.assignment.test.PrimeNumberTest" name="testFindPrimesInRange" time="0.307"/>
  <testcase classname="com.assignment.test.PrimeNumberTest" name="testFindPrimesInRange" time="0.018"/>
  <testcase classname="com.assignment.test.PrimeNumberTest" name="testFindPrimesInRange" time="0.020"/>
  <testcase classname="com.assignment.test.PrimeNumberTest" name="testFindPrimesInRange" time="0.026"/>
  <testcase classname="com.assignment.test.PrimeNumberTest" name="testFindPrimesInRange" time="0.017"/>
  <testcase classname="com.assignment.test.PrimeNumberTest" name="testFindPrimesInRange" time="0.022"/>
  <testcase classname="com.assignment.test.PrimeNumberTest" name="testFindPrimesInRange" time="0.030"/>
</testsuite> <!-- com.assignment.test.PrimeNumberTest -->
