<?xml version="1.0" encoding="UTF-8"?>
<!-- Generated by org.testng.reporters.JUnitReportReporter -->
<testsuite hostname="Aswins-MacBook-Air.local" failures="0" tests="15" name="com.assignment.test.PrimeNumberTest" time="0.551" errors="0" timestamp="2024-02-03T18:52:48 EST" skipped="0">
  <testcase classname="com.assignment.test.PrimeNumberTest" name="testFindPrimesInRange" time="0.014"/>
  <testcase classname="com.assignment.test.PrimeNumberTest" name="testFindPrimesInRange" time="0.016"/>
  <testcase classname="com.assignment.test.PrimeNumberTest" name="testFindPrimesInRange" time="0.017"/>
  <testcase classname="com.assignment.test.PrimeNumberTest" name="testFindPrimesInRange" time="0.018"/>
  <testcase classname="com.assignment.test.PrimeNumberTest" name="testFindPrimesInRange" time="0.019"/>
  <testcase classname="com.assignment.test.PrimeNumberTest" name="testFindPrimesInRange" time="0.014"/>
  <testcase classname="com.assignment.test.PrimeNumberTest" name="testFindPrimesInRange" time="0.022"/>
  <testcase classname="com.assignment.test.PrimeNumberTest" name="testFindPrimesInRange" time="0.015"/>
  <testcase classname="com.assignment.test.PrimeNumberTest" name="testFindPrimesInRange" time="0.014"/>
  <testcase classname="com.assignment.test.PrimeNumberTest" name="testFindPrimesInRange" time="0.019"/>
  <testcase classname="com.assignment.test.PrimeNumberTest" name="testFindPrimesInRange" time="0.284"/>
  <testcase classname="com.assignment.test.PrimeNumberTest" name="testFindPrimesInRange" time="0.025"/>
  <testcase classname="com.assignment.test.PrimeNumberTest" name="testFindPrimesInRange" time="0.022"/>
  <testcase classname="com.assignment.test.PrimeNumberTest" name="testFindPrimesInRange" time="0.015"/>
  <testcase classname="com.assignment.test.PrimeNumberTest" name="testFindPrimesInRange" time="0.037"/>
</testsuite> <!-- com.assignment.test.PrimeNumberTest -->
